<?xml version="1.0" encoding="utf-8"?><testsuites name="pytest tests"><testsuite name="pytest" errors="0" failures="0" skipped="0" tests="31" time="9.971" timestamp="2026-04-29T20:43:34.402125+00:00" hostname="agent-env-ce57a35e-0ff7-40dd-8165-26d13836661b"><testcase classname="backend.tests.backend_test.TestHealth" name="test_root" time="0.220" /><testcase classname="backend.tests.backend_test.TestAuth" name="test_register_returns_user_and_sets_cookie" time="0.366" /><testcase classname="backend.tests.backend_test.TestAuth" name="test_register_duplicate_email_400" time="0.520" /><testcase classname="backend.tests.backend_test.TestAuth" name="test_login_success_sets_cookie" time="0.411" /><testcase classname="backend.tests.backend_test.TestAuth" name="test_login_wrong_password_401" time="0.678" /><testcase classname="backend.tests.backend_test.TestAuth" name="test_me_with_cookie" time="0.075" /><testcase classname="backend.tests.backend_test.TestAuth" name="test_me_without_cookie_401" time="0.150" /><testcase classname="backend.tests.backend_test.TestAuth" name="test_logout_clears_cookie" time="0.583" /><testcase classname="backend.tests.backend_test.TestAuth" name="test_brute_force_lockout_429_after_5_fails" time="2.255" /><testcase classname="backend.tests.backend_test.TestBusiness" name="test_create_business_marks_onboarded" time="0.152" /><testcase classname="backend.tests.backend_test.TestBusiness" name="test_get_business_returns_data" time="0.073" /><testcase classname="backend.tests.backend_test.TestBusiness" name="test_business_unauth_401" time="0.136" /><testcase classname="backend.tests.backend_test.TestAnalysis" name="test_get_analysis_shape" time="0.072" /><testcase classname="backend.tests.backend_test.TestAnalysis" name="test_forecasts_3_scenarios_12_months" time="0.076" /><testcase classname="backend.tests.backend_test.TestReports" name="test_create_list_download_pdf" time="0.244" /><testcase classname="backend.tests.backend_test.TestReports" name="test_pdf_404_for_unknown_id" time="0.086" /><testcase classname="backend.tests.backend_test.TestChat" name="test_chat_reply" time="0.074" /><testcase classname="backend.tests.backend_test.TestChat" name="test_chat_history_includes_message" time="0.182" /><testcase classname="backend.tests.backend_test.TestBanks" name="test_list_banks" time="0.087" /><testcase classname="backend.tests.backend_test.TestBankPdf" name="test_pdf_bna_fr" time="0.172" /><testcase classname="backend.tests.backend_test.TestBankPdf" name="test_pdf_badr_ar" time="0.170" /><testcase classname="backend.tests.backend_test.TestBankPdf" name="test_pdf_cpa_en" time="0.156" /><testcase classname="backend.tests.backend_test.TestBankPdf" name="test_pdf_invalid_bank_falls_back" time="0.168" /><testcase classname="backend.tests.backend_test.TestLegacyPdf" name="test_legacy_recommendations_shape_pdf_renders" time="0.659" /><testcase classname="backend.tests.backend_test.TestAdmin" name="test_admin_stats_requires_admin" time="0.075" /><testcase classname="backend.tests.backend_test.TestAdmin" name="test_admin_stats_admin_ok" time="0.093" /><testcase classname="backend.tests.backend_test.TestAdmin" name="test_admin_users_requires_admin" time="0.072" /><testcase classname="backend.tests.backend_test.TestAdmin" name="test_admin_users_admin_ok" time="0.085" /><testcase classname="backend.tests.backend_test.TestAdmin" name="test_admin_cannot_delete_self" time="0.197" /><testcase classname="backend.tests.backend_test.TestAdmin" name="test_admin_delete_user_cascades" time="1.528" /><testcase classname="backend.tests.backend_test.TestAdmin" name="test_admin_delete_unauth" time="0.076" /></testsuite></testsuites>