<?xml version="1.0" encoding="utf-8"?><testsuites name="pytest tests"><testsuite name="pytest" errors="0" failures="1" skipped="0" tests="18" time="6.821" timestamp="2026-04-29T19:59:57.467226+00:00" hostname="agent-env-ce57a35e-0ff7-40dd-8165-26d13836661b"><testcase classname="backend.tests.backend_test.TestHealth" name="test_root" time="0.309" /><testcase classname="backend.tests.backend_test.TestAuth" name="test_register_returns_user_and_sets_cookie" time="0.390" /><testcase classname="backend.tests.backend_test.TestAuth" name="test_register_duplicate_email_400" time="0.504" /><testcase classname="backend.tests.backend_test.TestAuth" name="test_login_success_sets_cookie" time="0.440" /><testcase classname="backend.tests.backend_test.TestAuth" name="test_login_wrong_password_401" time="0.629" /><testcase classname="backend.tests.backend_test.TestAuth" name="test_me_with_cookie" time="0.076" /><testcase classname="backend.tests.backend_test.TestAuth" name="test_me_without_cookie_401" time="0.116" /><testcase classname="backend.tests.backend_test.TestAuth" name="test_logout_clears_cookie" time="0.485" /><testcase classname="backend.tests.backend_test.TestAuth" name="test_brute_force_lockout_429_after_5_fails" time="2.607"><failure message="AssertionError: expected 429, got 200 {&quot;id&quot;:&quot;1911bbaf-35a9-4c92-9cbf-ee6407bd286e&quot;,&quot;email&quot;:&quot;test_bf_752b54@aymafin.com&quot;,&quot;name&quot;:&quot;BF&quot;,&quot;role&quot;:&quot;user&quot;,&quot;onboarded&quot;:false}&#10;assert 200 == 429&#10; +  where 200 = &lt;Response [200]&gt;.status_code">backend/tests/backend_test.py:159: in test_brute_force_lockout_429_after_5_fails
    assert r.status_code == 429, f"expected 429, got {r.status_code} {r.text}"
E   AssertionError: expected 429, got 200 {"id":"1911bbaf-35a9-4c92-9cbf-ee6407bd286e","email":"test_bf_752b54@aymafin.com","name":"BF","role":"user","onboarded":false}
E   assert 200 == 429
E    +  where 200 = &lt;Response [200]&gt;.status_code</failure></testcase><testcase classname="backend.tests.backend_test.TestBusiness" name="test_create_business_marks_onboarded" time="0.171" /><testcase classname="backend.tests.backend_test.TestBusiness" name="test_get_business_returns_data" time="0.071" /><testcase classname="backend.tests.backend_test.TestBusiness" name="test_business_unauth_401" time="0.140" /><testcase classname="backend.tests.backend_test.TestAnalysis" name="test_get_analysis_shape" time="0.077" /><testcase classname="backend.tests.backend_test.TestAnalysis" name="test_forecasts_3_scenarios_12_months" time="0.064" /><testcase classname="backend.tests.backend_test.TestReports" name="test_create_list_download_pdf" time="0.228" /><testcase classname="backend.tests.backend_test.TestReports" name="test_pdf_404_for_unknown_id" time="0.069" /><testcase classname="backend.tests.backend_test.TestChat" name="test_chat_reply" time="0.095" /><testcase classname="backend.tests.backend_test.TestChat" name="test_chat_history_includes_message" time="0.134" /></testsuite></testsuites>